<?xml version="1.0" encoding="UTF-8"?>
<!-- Generated by org.testng.reporters.JUnitXMLReporter -->
<testsuite ignored="2" hostname="mypc" failures="0" tests="2" name="Edgetest" time="22.893" errors="0" timestamp="2024-07-11T09:06:10 IST">
  <testcase classname="vtiger_contactTest.TocCreateContactTest" name="tocCreateContactTest_001" time="6.494"/>
  <testcase classname="vtiger_contactTest.ToCreateOrganization_script2" name="tocCreateContactTest_001" time="6.516"/>
  <testcase classname="vtiger_genericUtility.BaseClass" name="@BeforeSuite beforesuitconfig" time="0.0">
    <ignored/>
  </testcase> <!-- @BeforeSuite beforesuitconfig -->
  <testcase classname="vtiger_genericUtility.BaseClass" name="@AfterSuite aftersuit" time="0.0">
    <ignored/>
  </testcase> <!-- @AfterSuite aftersuit -->
</testsuite> <!-- Edgetest -->
