<?xml version="1.0" encoding="UTF-8"?>
<testng-results ignored="2" total="4" passed="2" failed="0" skipped="0">
  <reporter-output>
    <line>
      <![CDATA[----Data connection established----]]>
    </line>
    <line>
      <![CDATA[Browser got login----------]]>
    </line>
    <line>
      <![CDATA[----Successfully login----------]]>
    </line>
    <line>
      <![CDATA[----Logout Successfully ----------]]>
    </line>
    <line>
      <![CDATA[----Browser got closed ----------]]>
    </line>
    <line>
      <![CDATA[Browser got login----------]]>
    </line>
    <line>
      <![CDATA[----Successfully login----------]]>
    </line>
    <line>
      <![CDATA[[ ACC31 ] Wipro661 - Organization Information]]>
    </line>
    <line>
      <![CDATA[Wipro]]>
    </line>
    <line>
      <![CDATA[----Logout Successfully ----------]]>
    </line>
    <line>
      <![CDATA[----Browser got closed ----------]]>
    </line>
    <line>
      <![CDATA[----Database disconnected ----------]]>
    </line>
  </reporter-output>
  <suite started-at="2025-01-29T12:48:15 IST" name="Surefire suite" finished-at="2025-01-29T12:48:44 IST" duration-ms="28883">
    <groups>
      <group name="smoke">
        <method signature="TocCreateContactTest.tocCreateContactTest_001()[pri:0, instance:vtiger_contactTest.TocCreateContactTest@6a01e23]" name="tocCreateContactTest_001" class="vtiger_contactTest.TocCreateContactTest"/>
      </group> <!-- smoke -->
      <group name="Regression">
        <method signature="ToCreateOrganizationTest.tocCreateContactTest_001()[pri:0, instance:vtiger_contactTest.ToCreateOrganizationTest@23986957]" name="tocCreateContactTest_001" class="vtiger_contactTest.ToCreateOrganizationTest"/>
      </group> <!-- Regression -->
    </groups>
    <test started-at="2025-01-29T12:48:15 IST" name="Surefire test" finished-at="2025-01-29T12:48:44 IST" duration-ms="28883">
      <class name="vtiger_contactTest.TocCreateContactTest">
        <test-method is-config="true" signature="beforesuitconfig()[pri:0, instance:vtiger_contactTest.TocCreateContactTest@6a01e23]" started-at="2025-01-29T12:48:15 IST" name="beforesuitconfig" finished-at="2025-01-29T12:48:15 IST" duration-ms="15" status="PASS">
          <reporter-output>
            <line>
              <![CDATA[----Data connection established----]]>
            </line>
          </reporter-output>
        </test-method> <!-- beforesuitconfig -->
        <test-method is-config="true" signature="beforeclassconfig()[pri:0, instance:vtiger_contactTest.TocCreateContactTest@6a01e23]" started-at="2025-01-29T12:48:15 IST" name="beforeclassconfig" finished-at="2025-01-29T12:48:19 IST" duration-ms="3736" status="PASS">
          <reporter-output>
            <line>
              <![CDATA[Browser got login----------]]>
            </line>
          </reporter-output>
        </test-method> <!-- beforeclassconfig -->
        <test-method is-config="true" signature="beforemethodconfig()[pri:0, instance:vtiger_contactTest.TocCreateContactTest@6a01e23]" started-at="2025-01-29T12:48:19 IST" name="beforemethodconfig" finished-at="2025-01-29T12:48:21 IST" duration-ms="2013" status="PASS">
          <reporter-output>
            <line>
              <![CDATA[----Successfully login----------]]>
            </line>
          </reporter-output>
        </test-method> <!-- beforemethodconfig -->
        <test-method signature="tocCreateContactTest_001()[pri:0, instance:vtiger_contactTest.TocCreateContactTest@6a01e23]" started-at="2025-01-29T12:48:21 IST" name="tocCreateContactTest_001" finished-at="2025-01-29T12:48:29 IST" duration-ms="8192" status="PASS">
          <reporter-output>
          </reporter-output>
        </test-method> <!-- tocCreateContactTest_001 -->
        <test-method is-config="true" signature="afteremethodconfig()[pri:0, instance:vtiger_contactTest.TocCreateContactTest@6a01e23]" started-at="2025-01-29T12:48:29 IST" name="afteremethodconfig" finished-at="2025-01-29T12:48:31 IST" duration-ms="1081" status="PASS">
          <reporter-output>
            <line>
              <![CDATA[----Logout Successfully ----------]]>
            </line>
          </reporter-output>
        </test-method> <!-- afteremethodconfig -->
        <test-method is-config="true" signature="afterclassconfig()[pri:0, instance:vtiger_contactTest.TocCreateContactTest@6a01e23]" started-at="2025-01-29T12:48:31 IST" name="afterclassconfig" finished-at="2025-01-29T12:48:31 IST" duration-ms="260" status="PASS">
          <reporter-output>
            <line>
              <![CDATA[----Browser got closed ----------]]>
            </line>
          </reporter-output>
        </test-method> <!-- afterclassconfig -->
        <test-method is-config="true" signature="aftersuit()[pri:0, instance:vtiger_contactTest.TocCreateContactTest@6a01e23]" started-at="2025-01-29T12:48:44 IST" name="aftersuit" finished-at="2025-01-29T12:48:44 IST" duration-ms="0" status="PASS">
          <reporter-output>
            <line>
              <![CDATA[----Database disconnected ----------]]>
            </line>
          </reporter-output>
        </test-method> <!-- aftersuit -->
      </class> <!-- vtiger_contactTest.TocCreateContactTest -->
      <class name="vtiger_contactTest.ToCreateOrganizationTest">
        <test-method is-config="true" signature="beforeclassconfig()[pri:0, instance:vtiger_contactTest.ToCreateOrganizationTest@23986957]" started-at="2025-01-29T12:48:31 IST" name="beforeclassconfig" finished-at="2025-01-29T12:48:33 IST" duration-ms="2068" status="PASS">
          <reporter-output>
            <line>
              <![CDATA[Browser got login----------]]>
            </line>
          </reporter-output>
        </test-method> <!-- beforeclassconfig -->
        <test-method is-config="true" signature="beforemethodconfig()[pri:0, instance:vtiger_contactTest.ToCreateOrganizationTest@23986957]" started-at="2025-01-29T12:48:33 IST" name="beforemethodconfig" finished-at="2025-01-29T12:48:35 IST" duration-ms="2027" status="PASS">
          <reporter-output>
            <line>
              <![CDATA[----Successfully login----------]]>
            </line>
          </reporter-output>
        </test-method> <!-- beforemethodconfig -->
        <test-method signature="tocCreateContactTest_001()[pri:0, instance:vtiger_contactTest.ToCreateOrganizationTest@23986957]" started-at="2025-01-29T12:48:35 IST" name="tocCreateContactTest_001" finished-at="2025-01-29T12:48:43 IST" duration-ms="7849" status="PASS">
          <reporter-output>
            <line>
              <![CDATA[[ ACC31 ] Wipro661 - Organization Information]]>
            </line>
            <line>
              <![CDATA[Wipro]]>
            </line>
          </reporter-output>
        </test-method> <!-- tocCreateContactTest_001 -->
        <test-method is-config="true" signature="afteremethodconfig()[pri:0, instance:vtiger_contactTest.ToCreateOrganizationTest@23986957]" started-at="2025-01-29T12:48:43 IST" name="afteremethodconfig" finished-at="2025-01-29T12:48:44 IST" duration-ms="1048" status="PASS">
          <reporter-output>
            <line>
              <![CDATA[----Logout Successfully ----------]]>
            </line>
          </reporter-output>
        </test-method> <!-- afteremethodconfig -->
        <test-method is-config="true" signature="afterclassconfig()[pri:0, instance:vtiger_contactTest.ToCreateOrganizationTest@23986957]" started-at="2025-01-29T12:48:44 IST" name="afterclassconfig" finished-at="2025-01-29T12:48:44 IST" duration-ms="243" status="PASS">
          <reporter-output>
            <line>
              <![CDATA[----Browser got closed ----------]]>
            </line>
          </reporter-output>
        </test-method> <!-- afterclassconfig -->
      </class> <!-- vtiger_contactTest.ToCreateOrganizationTest -->
    </test> <!-- Surefire test -->
  </suite> <!-- Surefire suite -->
</testng-results>
