<?xml version="1.0" encoding="UTF-8"?>
<testng-results ignored="0" total="1" passed="1" failed="0" skipped="0">
  <reporter-output>
    <line>
      <![CDATA[----Data connection established----]]>
    </line>
    <line>
      <![CDATA[Browser got login----------]]>
    </line>
    <line>
      <![CDATA[----Successfully login----------]]>
    </line>
    <line>
      <![CDATA[----Logout Successfully ----------]]>
    </line>
    <line>
      <![CDATA[----Browser got closed ----------]]>
    </line>
    <line>
      <![CDATA[----Database disconnected ----------]]>
    </line>
  </reporter-output>
  <suite started-at="2024-07-23T09:30:06 IST" name="Default suite" finished-at="2024-07-23T09:30:18 IST" duration-ms="11171">
    <groups>
      <group name="smoke">
        <method signature="TocCreateContactTest.tocCreateContactTest_001()[pri:0, instance:vtiger_contactTest.TocCreateContactTest@4550bb58]" name="tocCreateContactTest_001" class="vtiger_contactTest.TocCreateContactTest"/>
      </group> <!-- smoke -->
    </groups>
    <test started-at="2024-07-23T09:30:06 IST" name="Default test" finished-at="2024-07-23T09:30:18 IST" duration-ms="11171">
      <class name="vtiger_contactTest.TocCreateContactTest">
        <test-method is-config="true" signature="beforesuitconfig()[pri:0, instance:vtiger_contactTest.TocCreateContactTest@4550bb58]" started-at="2024-07-23T09:30:06 IST" name="beforesuitconfig" finished-at="2024-07-23T09:30:06 IST" duration-ms="6" status="PASS">
          <reporter-output>
            <line>
              <![CDATA[----Data connection established----]]>
            </line>
          </reporter-output>
        </test-method> <!-- beforesuitconfig -->
        <test-method is-config="true" signature="beforeclassconfig()[pri:0, instance:vtiger_contactTest.TocCreateContactTest@4550bb58]" started-at="2024-07-23T09:30:07 IST" name="beforeclassconfig" finished-at="2024-07-23T09:30:09 IST" duration-ms="2449" status="PASS">
          <reporter-output>
            <line>
              <![CDATA[Browser got login----------]]>
            </line>
          </reporter-output>
        </test-method> <!-- beforeclassconfig -->
        <test-method is-config="true" signature="beforemethodconfig()[pri:0, instance:vtiger_contactTest.TocCreateContactTest@4550bb58]" started-at="2024-07-23T09:30:09 IST" name="beforemethodconfig" finished-at="2024-07-23T09:30:11 IST" duration-ms="1529" status="PASS">
          <reporter-output>
            <line>
              <![CDATA[----Successfully login----------]]>
            </line>
          </reporter-output>
        </test-method> <!-- beforemethodconfig -->
        <test-method signature="tocCreateContactTest_001()[pri:0, instance:vtiger_contactTest.TocCreateContactTest@4550bb58]" started-at="2024-07-23T09:30:11 IST" name="tocCreateContactTest_001" finished-at="2024-07-23T09:30:17 IST" duration-ms="5946" status="PASS">
          <reporter-output>
          </reporter-output>
        </test-method> <!-- tocCreateContactTest_001 -->
        <test-method is-config="true" signature="afteremethodconfig()[pri:0, instance:vtiger_contactTest.TocCreateContactTest@4550bb58]" started-at="2024-07-23T09:30:17 IST" name="afteremethodconfig" finished-at="2024-07-23T09:30:17 IST" duration-ms="871" status="PASS">
          <reporter-output>
            <line>
              <![CDATA[----Logout Successfully ----------]]>
            </line>
          </reporter-output>
        </test-method> <!-- afteremethodconfig -->
        <test-method is-config="true" signature="afterclassconfig()[pri:0, instance:vtiger_contactTest.TocCreateContactTest@4550bb58]" started-at="2024-07-23T09:30:17 IST" name="afterclassconfig" finished-at="2024-07-23T09:30:18 IST" duration-ms="127" status="PASS">
          <reporter-output>
            <line>
              <![CDATA[----Browser got closed ----------]]>
            </line>
          </reporter-output>
        </test-method> <!-- afterclassconfig -->
        <test-method is-config="true" signature="aftersuit()[pri:0, instance:vtiger_contactTest.TocCreateContactTest@4550bb58]" started-at="2024-07-23T09:30:18 IST" name="aftersuit" finished-at="2024-07-23T09:30:18 IST" duration-ms="0" status="PASS">
          <reporter-output>
            <line>
              <![CDATA[----Database disconnected ----------]]>
            </line>
          </reporter-output>
        </test-method> <!-- aftersuit -->
      </class> <!-- vtiger_contactTest.TocCreateContactTest -->
    </test> <!-- Default test -->
  </suite> <!-- Default suite -->
</testng-results>
